<?xml version="1.0" encoding="UTF-8"?>
<!-- Generated by org.testng.reporters.JUnitXMLReporter -->
<testsuite hostname="Lenovo" ignored="1" name="Default test" tests="2" failures="0" timestamp="2021-05-07T01:33:51 PDT" time="0.249" errors="0">
  <testcase name="laptop" time="0.038" classname="com.Testng_project.Ignore_Concepts"/>
  <testcase name="refridgerator" time="0.009" classname="com.Testng_project.Ignore_Concepts"/>
  <testcase name="mobile" time="0.0" classname="com.Testng_project.Ignore_Concepts">
    <ignored/>
  </testcase> <!-- mobile -->
</testsuite> <!-- Default test -->
