<?xml version="1.0" encoding="UTF-8"?>
<!-- Generated by org.testng.reporters.JUnitXMLReporter -->
<testsuite hostname="Lenovo" ignored="0" name="Test" tests="3" failures="0" timestamp="2021-05-06T22:27:56 PDT" time="0.28" errors="0">
  <testcase name="laptop" time="0.053" classname="com.Testng_project.Simple_annotations"/>
  <testcase name="mobile" time="0.006" classname="com.Testng_project.Simple_annotations"/>
  <testcase name="refridgerator" time="0.009" classname="com.Testng_project.Simple_annotations"/>
</testsuite> <!-- Test -->
