<?xml version="1.0" encoding="UTF-8"?>
<testng-results skipped="0" failed="0" ignored="1" total="3" passed="2">
  <reporter-output>
  </reporter-output>
  <suite name="Default suite" duration-ms="249" started-at="2021-05-07T01:33:51 PDT" finished-at="2021-05-07T01:33:51 PDT">
    <groups>
    </groups>
    <test name="Default test" duration-ms="249" started-at="2021-05-07T01:33:51 PDT" finished-at="2021-05-07T01:33:51 PDT">
      <class name="com.Testng_project.Ignore_Concepts">
        <test-method status="PASS" signature="setProperty()[pri:0, instance:com.Testng_project.Ignore_Concepts@5faeada1]" name="setProperty" is-config="true" duration-ms="27" started-at="2021-05-07T01:33:51 PDT" finished-at="2021-05-07T01:33:51 PDT">
          <reporter-output>
          </reporter-output>
        </test-method> <!-- setProperty -->
        <test-method status="PASS" signature="browserlaunch()[pri:0, instance:com.Testng_project.Ignore_Concepts@5faeada1]" name="browserlaunch" is-config="true" duration-ms="1" started-at="2021-05-07T01:33:51 PDT" finished-at="2021-05-07T01:33:51 PDT">
          <reporter-output>
          </reporter-output>
        </test-method> <!-- browserlaunch -->
        <test-method status="PASS" signature="url()[pri:0, instance:com.Testng_project.Ignore_Concepts@5faeada1]" name="url" is-config="true" duration-ms="1" started-at="2021-05-07T01:33:51 PDT" finished-at="2021-05-07T01:33:51 PDT">
          <reporter-output>
          </reporter-output>
        </test-method> <!-- url -->
        <test-method status="PASS" signature="login()[pri:0, instance:com.Testng_project.Ignore_Concepts@5faeada1]" name="login" is-config="true" duration-ms="5" started-at="2021-05-07T01:33:51 PDT" finished-at="2021-05-07T01:33:51 PDT">
          <reporter-output>
          </reporter-output>
        </test-method> <!-- login -->
        <test-method status="PASS" signature="laptop()[pri:0, instance:com.Testng_project.Ignore_Concepts@5faeada1]" name="laptop" duration-ms="38" started-at="2021-05-07T01:33:51 PDT" finished-at="2021-05-07T01:33:51 PDT">
          <reporter-output>
          </reporter-output>
        </test-method> <!-- laptop -->
        <test-method status="PASS" signature="logout()[pri:0, instance:com.Testng_project.Ignore_Concepts@5faeada1]" name="logout" is-config="true" duration-ms="4" started-at="2021-05-07T01:33:51 PDT" finished-at="2021-05-07T01:33:51 PDT">
          <reporter-output>
          </reporter-output>
        </test-method> <!-- logout -->
        <test-method status="PASS" signature="login()[pri:0, instance:com.Testng_project.Ignore_Concepts@5faeada1]" name="login" is-config="true" duration-ms="0" started-at="2021-05-07T01:33:51 PDT" finished-at="2021-05-07T01:33:51 PDT">
          <reporter-output>
          </reporter-output>
        </test-method> <!-- login -->
        <test-method status="PASS" signature="refridgerator()[pri:0, instance:com.Testng_project.Ignore_Concepts@5faeada1]" name="refridgerator" duration-ms="9" started-at="2021-05-07T01:33:51 PDT" finished-at="2021-05-07T01:33:51 PDT">
          <reporter-output>
          </reporter-output>
        </test-method> <!-- refridgerator -->
        <test-method status="PASS" signature="logout()[pri:0, instance:com.Testng_project.Ignore_Concepts@5faeada1]" name="logout" is-config="true" duration-ms="16" started-at="2021-05-07T01:33:51 PDT" finished-at="2021-05-07T01:33:51 PDT">
          <reporter-output>
          </reporter-output>
        </test-method> <!-- logout -->
        <test-method status="PASS" signature="verifyhomepage()[pri:0, instance:com.Testng_project.Ignore_Concepts@5faeada1]" name="verifyhomepage" is-config="true" duration-ms="5" started-at="2021-05-07T01:33:51 PDT" finished-at="2021-05-07T01:33:51 PDT">
          <reporter-output>
          </reporter-output>
        </test-method> <!-- verifyhomepage -->
        <test-method status="PASS" signature="close()[pri:0, instance:com.Testng_project.Ignore_Concepts@5faeada1]" name="close" is-config="true" duration-ms="2" started-at="2021-05-07T01:33:51 PDT" finished-at="2021-05-07T01:33:51 PDT">
          <reporter-output>
          </reporter-output>
        </test-method> <!-- close -->
        <test-method status="PASS" signature="deleteAllcookies()[pri:0, instance:com.Testng_project.Ignore_Concepts@5faeada1]" name="deleteAllcookies" is-config="true" duration-ms="1" started-at="2021-05-07T01:33:51 PDT" finished-at="2021-05-07T01:33:51 PDT">
          <reporter-output>
          </reporter-output>
        </test-method> <!-- deleteAllcookies -->
      </class> <!-- com.Testng_project.Ignore_Concepts -->
    </test> <!-- Default test -->
  </suite> <!-- Default suite -->
</testng-results>
